<?xml version="1.0" encoding="UTF-8"?>
<!-- Generated by org.testng.reporters.JUnitXMLReporter -->
<testsuite hostname="DESKTOP-MF3J2E8" ignored="0" name="Default test" tests="2" failures="0" timestamp="11 Jun 2020 05:07:21 GMT" time="15.718" errors="0">
  <testcase name="@BeforeClass openBrowser" time="15.58" classname="com.generics.Internet.BaseTest">
    <failure type="org.openqa.selenium.SessionNotCreatedException" message="session not created
from chrome not reachable
  (Session info: chrome=83.0.4103.61)
Build info: version: &amp;apos;3.11.0&amp;apos;, revision: &amp;apos;e59cfb3&amp;apos;, time: &amp;apos;2018-03-11T20:26:55.152Z&amp;apos;
System info: host: &amp;apos;DESKTOP-MF3J2E8&amp;apos;, ip: &amp;apos;192.168.43.254&amp;apos;, os.name: &amp;apos;Windows 10&amp;apos;, os.arch: &amp;apos;amd64&amp;apos;, os.version: &amp;apos;10.0&amp;apos;, java.version: &amp;apos;1.8.0_144&amp;apos;
Driver info: driver.version: ChromeDriver
remote stacktrace: Backtrace:
	Ordinal0 [0x00F59563+2725219]
	Ordinal0 [0x00E58551+1672529]
	Ordinal0 [0x00D40202+524802]
	Ordinal0 [0x00D399B2+498098]
	Ordinal0 [0x00D3A09B+499867]
	Ordinal0 [0x00D3AFF5+503797]
	Ordinal0 [0x00D36994+485780]
	Ordinal0 [0x00D40FF0+528368]
	Ordinal0 [0x00CED6C9+186057]
	Ordinal0 [0x00CECA3D+182845]
	Ordinal0 [0x00CEA94B+174411]
	Ordinal0 [0x00CD2528+75048]
	Ordinal0 [0x00CD35A0+79264]
	Ordinal0 [0x00CD3539+79161]
	Ordinal0 [0x00E6D607+1758727]
	GetHandleVerifier [0x01076546+1050150]
	GetHandleVerifier [0x01076291+1049457]
	GetHandleVerifier [0x010810D7+1094071]
	GetHandleVerifier [0x01076B46+1051686]
	Ordinal0 [0x00E65B06+1727238]
	Ordinal0 [0x00E6EB7B+1764219]
	Ordinal0 [0x00E6ECE3+1764579]
	Ordinal0 [0x00E84C05+1854469]
	BaseThreadInitThunk [0x75966359+25]
	RtlGetAppContainerNamedObjectPath [0x77B67C24+228]
	RtlGetAppContainerNamedObjectPath [0x77B67BF4+180]
">
      <![CDATA[org.openqa.selenium.SessionNotCreatedException: session not created
from chrome not reachable
  (Session info: chrome=83.0.4103.61)
Build info: version: '3.11.0', revision: 'e59cfb3', time: '2018-03-11T20:26:55.152Z'
System info: host: 'DESKTOP-MF3J2E8', ip: '192.168.43.254', os.name: 'Windows 10', os.arch: 'amd64', os.version: '10.0', java.version: '1.8.0_144'
Driver info: driver.version: ChromeDriver
remote stacktrace: Backtrace:
Ordinal0 [0x00F59563+2725219]
Ordinal0 [0x00E58551+1672529]
Ordinal0 [0x00D40202+524802]
Ordinal0 [0x00D399B2+498098]
Ordinal0 [0x00D3A09B+499867]
Ordinal0 [0x00D3AFF5+503797]
Ordinal0 [0x00D36994+485780]
Ordinal0 [0x00D40FF0+528368]
Ordinal0 [0x00CED6C9+186057]
Ordinal0 [0x00CECA3D+182845]
Ordinal0 [0x00CEA94B+174411]
Ordinal0 [0x00CD2528+75048]
Ordinal0 [0x00CD35A0+79264]
Ordinal0 [0x00CD3539+79161]
Ordinal0 [0x00E6D607+1758727]
GetHandleVerifier [0x01076546+1050150]
GetHandleVerifier [0x01076291+1049457]
GetHandleVerifier [0x010810D7+1094071]
GetHandleVerifier [0x01076B46+1051686]
Ordinal0 [0x00E65B06+1727238]
Ordinal0 [0x00E6EB7B+1764219]
Ordinal0 [0x00E6ECE3+1764579]
Ordinal0 [0x00E84C05+1854469]
BaseThreadInitThunk [0x75966359+25]
RtlGetAppContainerNamedObjectPath [0x77B67C24+228]
RtlGetAppContainerNamedObjectPath [0x77B67BF4+180]

at sun.reflect.NativeConstructorAccessorImpl.newInstance0(Native Method)
at sun.reflect.NativeConstructorAccessorImpl.newInstance(Unknown Source)
at sun.reflect.DelegatingConstructorAccessorImpl.newInstance(Unknown Source)
at java.lang.reflect.Constructor.newInstance(Unknown Source)
at org.openqa.selenium.remote.W3CHandshakeResponse.lambda$new$0(W3CHandshakeResponse.java:57)
at org.openqa.selenium.remote.W3CHandshakeResponse.lambda$getResponseFunction$2(W3CHandshakeResponse.java:104)
at org.openqa.selenium.remote.ProtocolHandshake.lambda$createSession$0(ProtocolHandshake.java:123)
at java.util.stream.ReferencePipeline$3$1.accept(Unknown Source)
at java.util.Spliterators$ArraySpliterator.tryAdvance(Unknown Source)
at java.util.stream.ReferencePipeline.forEachWithCancel(Unknown Source)
at java.util.stream.AbstractPipeline.copyIntoWithCancel(Unknown Source)
at java.util.stream.AbstractPipeline.copyInto(Unknown Source)
at java.util.stream.AbstractPipeline.wrapAndCopyInto(Unknown Source)
at java.util.stream.FindOps$FindOp.evaluateSequential(Unknown Source)
at java.util.stream.AbstractPipeline.evaluate(Unknown Source)
at java.util.stream.ReferencePipeline.findFirst(Unknown Source)
at org.openqa.selenium.remote.ProtocolHandshake.createSession(ProtocolHandshake.java:126)
at org.openqa.selenium.remote.ProtocolHandshake.createSession(ProtocolHandshake.java:73)
at org.openqa.selenium.remote.HttpCommandExecutor.execute(HttpCommandExecutor.java:136)
at org.openqa.selenium.remote.service.DriverCommandExecutor.execute(DriverCommandExecutor.java:83)
at org.openqa.selenium.remote.RemoteWebDriver.execute(RemoteWebDriver.java:545)
at org.openqa.selenium.remote.RemoteWebDriver.startSession(RemoteWebDriver.java:209)
at org.openqa.selenium.remote.RemoteWebDriver.<init>(RemoteWebDriver.java:132)
at org.openqa.selenium.chrome.ChromeDriver.<init>(ChromeDriver.java:181)
at org.openqa.selenium.chrome.ChromeDriver.<init>(ChromeDriver.java:168)
at org.openqa.selenium.chrome.ChromeDriver.<init>(ChromeDriver.java:123)
at com.generics.Internet.BaseTest.openBrowser(BaseTest.java:15)
at sun.reflect.NativeMethodAccessorImpl.invoke0(Native Method)
at sun.reflect.NativeMethodAccessorImpl.invoke(Unknown Source)
at sun.reflect.DelegatingMethodAccessorImpl.invoke(Unknown Source)
at java.lang.reflect.Method.invoke(Unknown Source)
at org.testng.internal.MethodInvocationHelper.invokeMethod(MethodInvocationHelper.java:124)
at org.testng.internal.MethodInvocationHelper.invokeMethodConsideringTimeout(MethodInvocationHelper.java:59)
at org.testng.internal.Invoker.invokeConfigurationMethod(Invoker.java:458)
at org.testng.internal.Invoker.invokeConfigurations(Invoker.java:222)
at org.testng.internal.Invoker.invokeConfigurations(Invoker.java:142)
at org.testng.internal.TestMethodWorker.invokeBeforeClassMethods(TestMethodWorker.java:168)
at org.testng.internal.TestMethodWorker.run(TestMethodWorker.java:105)
at org.testng.TestRunner.privateRun(TestRunner.java:648)
at org.testng.TestRunner.run(TestRunner.java:505)
at org.testng.SuiteRunner.runTest(SuiteRunner.java:455)
at org.testng.SuiteRunner.runSequentially(SuiteRunner.java:450)
at org.testng.SuiteRunner.privateRun(SuiteRunner.java:415)
at org.testng.SuiteRunner.run(SuiteRunner.java:364)
at org.testng.SuiteRunnerWorker.runSuite(SuiteRunnerWorker.java:52)
at org.testng.SuiteRunnerWorker.run(SuiteRunnerWorker.java:84)
at org.testng.TestNG.runSuitesSequentially(TestNG.java:1208)
at org.testng.TestNG.runSuitesLocally(TestNG.java:1137)
at org.testng.TestNG.runSuites(TestNG.java:1049)
at org.testng.TestNG.run(TestNG.java:1017)
at org.testng.remote.AbstractRemoteTestNG.run(AbstractRemoteTestNG.java:114)
at org.testng.remote.RemoteTestNG.initAndRun(RemoteTestNG.java:251)
at org.testng.remote.RemoteTestNG.main(RemoteTestNG.java:77)
]]>
    </failure>
  </testcase> <!-- @BeforeClass openBrowser -->
  <testcase name="home" time="0.0" classname="com.scripts.Internet.TESTChallengingDOMInternet">
    <skipped/>
  </testcase> <!-- home -->
  <testcase name="dom" time="0.0" classname="com.scripts.Internet.TESTChallengingDOMInternet">
    <skipped/>
  </testcase> <!-- dom -->
</testsuite> <!-- Default test -->
